Arguments: 
  C:\Program Files\nodejs\node.exe C:\Users\Lakshan\AppData\Roaming\npm\node_modules\yarn\bin\yarn.js add firebase

PATH: 
  C:\Program Files\AdoptOpenJDK\jdk-11.0.11.9-hotspot\bin;C:\Program Files\AdoptOpenJDK\jdk-8.0.292.10-hotspot\bin;C:\Program Files (x86)\Common Files\Oracle\Java\javapath;C:\Program Files (x86)\Intel\iCLS Client\;C:\Program Files\Intel\iCLS Client\;C:\Windows\system32;C:\Windows;C:\Windows\System32\Wbem;C:\Windows\System32\WindowsPowerShell\v1.0\;C:\Windows\System32\OpenSSH\;C:\Program Files (x86)\Intel\Intel(R) Management Engine Components\DAL;C:\Program Files\Intel\Intel(R) Management Engine Components\DAL;C:\Program Files (x86)\Intel\Intel(R) Management Engine Components\IPT;C:\Program Files\Intel\Intel(R) Management Engine Components\IPT;C:\Program Files (x86)\NVIDIA Corporation\PhysX\Common;C:\Program Files\NVIDIA Corporation\NVIDIA NvDLISR;C:\Program Files\nodejs\;C:\Program Files\Git\cmd;C:\Users\Lakshan\AppData\Local\Microsoft\WindowsApps;C:\Users\Lakshan\AppData\Local\Programs\Microsoft VS Code\bin;C:\src\flutter\bin;C:\Users\Lakshan\AppData\Roaming\npm;C:\Program Files\JetBrains\IntelliJ IDEA Community Edition 2020.1.1\bin;

Yarn version: 
  1.22.10

Node version: 
  14.16.1

Platform: 
  win32 x64

Trace: 
  Error: https://registry.yarnpkg.com/@react-navigation/bottom-tabs/-/bottom-tabs-5.11.2.tgz: Request failed "503 Service Unavailable"
      at ResponseError.ExtendableBuiltin (C:\Users\Lakshan\AppData\Roaming\npm\node_modules\yarn\lib\cli.js:696:66)
      at new ResponseError (C:\Users\Lakshan\AppData\Roaming\npm\node_modules\yarn\lib\cli.js:802:124)
      at Request.<anonymous> (C:\Users\Lakshan\AppData\Roaming\npm\node_modules\yarn\lib\cli.js:67058:16)
      at Request.emit (events.js:315:20)
      at Request.module.exports.Request.onRequestResponse (C:\Users\Lakshan\AppData\Roaming\npm\node_modules\yarn\lib\cli.js:141539:10)
      at ClientRequest.emit (events.js:315:20)
      at HTTPParser.parserOnIncomingClient (_http_client.js:641:27)
      at HTTPParser.parserOnHeadersComplete (_http_common.js:126:17)
      at HTTPParser.execute (<anonymous>)
      at TLSSocket.socketOnData (_http_client.js:509:22)

npm manifest: 
  {
    "main": "node_modules/expo/AppEntry.js",
    "scripts": {
      "start": "expo start",
      "android": "expo start --android",
      "ios": "expo start --ios",
      "web": "expo start --web",
      "eject": "expo eject",
      "test": "jest --watchAll"
    },
    "jest": {
      "preset": "jest-expo"
    },
    "dependencies": {
      "@expo/vector-icons": "^12.0.0",
      "@react-native-community/masked-view": "0.1.10",
      "@react-native-firebase/app": "^12.0.0",
      "@react-navigation/bottom-tabs": "5.11.2",
      "@react-navigation/material-top-tabs": "^5.3.15",
      "@react-navigation/native": "~5.8.10",
      "@react-navigation/stack": "~5.12.8",
      "expo": "~41.0.1",
      "expo-asset": "~8.3.1",
      "expo-constants": "~10.1.3",
      "expo-font": "~9.1.0",
      "expo-linking": "~2.2.3",
      "expo-splash-screen": "~0.10.2",
      "expo-status-bar": "~1.0.4",
      "expo-web-browser": "~9.1.0",
      "moment": "^2.29.1",
      "react": "16.13.1",
      "react-dom": "16.13.1",
      "react-native": "https://github.com/expo/react-native/archive/sdk-41.0.0.tar.gz",
      "react-native-gesture-handler": "~1.10.2",
      "react-native-reanimated": "~2.1.0",
      "react-native-safe-area-context": "3.2.0",
      "react-native-screens": "~3.0.0",
      "react-native-tab-view": "^2.16.0",
      "react-native-web": "~0.13.12"
    },
    "devDependencies": {
      "@babel/core": "^7.9.0",
      "@types/react": "~16.9.35",
      "@types/react-native": "~0.63.2",
      "jest-expo": "~41.0.0",
      "typescript": "~4.0.0"
    },
    "private": true
  }

yarn manifest: 
  No manifest

Lockfile: 
  No lockfile
